TN:
SF:controllers\articlesController.js
FN:5,getArticles
FN:31,(anonymous_1)
FN:42,(anonymous_2)
FN:43,(anonymous_3)
FN:46,(anonymous_4)
FN:74,getArticle
FN:159,createArticle
FN:201,updateArticle
FN:253,deleteArticle
FN:293,pinArticle
FN:339,saveDraft
FN:355,(anonymous_11)
FN:355,(anonymous_12)
FN:382,getDrafts
FN:398,publishDraft
FNF:15
FNH:10
FNDA:3,getArticles
FNDA:0,(anonymous_1)
FNDA:0,(anonymous_2)
FNDA:0,(anonymous_3)
FNDA:1,(anonymous_4)
FNDA:2,getArticle
FNDA:2,createArticle
FNDA:2,updateArticle
FNDA:2,deleteArticle
FNDA:2,pinArticle
FNDA:2,saveDraft
FNDA:0,(anonymous_11)
FNDA:0,(anonymous_12)
FNDA:1,getDrafts
FNDA:2,publishDraft
DA:1,1
DA:2,1
DA:6,3
DA:7,3
DA:9,3
DA:10,3
DA:11,3
DA:12,1
DA:15,3
DA:28,2
DA:29,2
DA:30,2
DA:31,0
DA:32,0
DA:42,0
DA:43,0
DA:46,2
DA:66,2
DA:68,1
DA:69,1
DA:75,2
DA:76,2
DA:78,2
DA:79,2
DA:87,2
DA:88,1
DA:92,1
DA:98,1
DA:99,1
DA:101,1
DA:102,1
DA:107,1
DA:108,0
DA:121,0
DA:122,0
DA:123,0
DA:126,1
DA:151,1
DA:153,0
DA:154,0
DA:160,2
DA:161,2
DA:163,2
DA:164,1
DA:165,1
DA:168,1
DA:169,1
DA:179,1
DA:188,1
DA:195,0
DA:196,0
DA:202,2
DA:203,2
DA:204,2
DA:206,2
DA:207,0
DA:208,0
DA:211,2
DA:212,2
DA:216,2
DA:217,0
DA:218,0
DA:221,2
DA:222,1
DA:223,1
DA:226,1
DA:235,1
DA:237,1
DA:239,1
DA:247,0
DA:248,0
DA:254,2
DA:255,2
DA:257,2
DA:258,2
DA:262,2
DA:263,0
DA:264,0
DA:267,2
DA:268,1
DA:269,1
DA:272,1
DA:276,1
DA:278,1
DA:280,1
DA:287,0
DA:288,0
DA:294,2
DA:295,2
DA:297,2
DA:298,2
DA:302,2
DA:303,0
DA:304,0
DA:307,2
DA:308,0
DA:309,0
DA:312,2
DA:313,2
DA:318,2
DA:320,2
DA:325,2
DA:333,0
DA:334,0
DA:340,2
DA:341,2
DA:343,2
DA:344,2
DA:354,2
DA:355,0
DA:356,0
DA:357,0
DA:358,0
DA:359,0
DA:361,0
DA:367,2
DA:369,2
DA:376,0
DA:377,0
DA:383,1
DA:385,1
DA:386,1
DA:390,1
DA:392,0
DA:393,0
DA:399,2
DA:400,2
DA:402,2
DA:403,2
DA:407,2
DA:408,0
DA:409,0
DA:412,2
DA:413,1
DA:414,1
DA:417,1
DA:422,1
DA:424,1
DA:432,0
DA:433,0
DA:437,1
LF:141
LH:99
BRDA:11,0,0,1
BRDA:11,0,1,2
BRDA:30,1,0,0
BRDA:30,1,1,2
BRDA:52,2,0,1
BRDA:52,2,1,0
BRDA:57,3,0,0
BRDA:57,3,1,1
BRDA:87,4,0,1
BRDA:87,4,1,1
BRDA:101,5,0,1
BRDA:101,5,1,0
BRDA:107,6,0,0
BRDA:107,6,1,1
BRDA:115,7,0,0
BRDA:115,7,1,0
BRDA:115,8,0,0
BRDA:115,8,1,0
BRDA:132,9,0,1
BRDA:132,9,1,0
BRDA:133,10,0,1
BRDA:133,10,1,0
BRDA:138,11,0,0
BRDA:138,11,1,1
BRDA:163,12,0,1
BRDA:163,12,1,1
BRDA:172,13,0,1
BRDA:172,13,1,0
BRDA:173,14,0,1
BRDA:173,14,1,1
BRDA:182,15,0,1
BRDA:182,15,1,0
BRDA:183,16,0,1
BRDA:183,16,1,1
BRDA:192,17,0,0
BRDA:192,17,1,0
BRDA:206,18,0,0
BRDA:206,18,1,2
BRDA:216,19,0,0
BRDA:216,19,1,2
BRDA:221,20,0,1
BRDA:221,20,1,1
BRDA:230,21,0,1
BRDA:230,21,1,0
BRDA:231,22,0,1
BRDA:231,22,1,1
BRDA:244,23,0,0
BRDA:244,23,1,0
BRDA:262,24,0,0
BRDA:262,24,1,2
BRDA:267,25,0,1
BRDA:267,25,1,1
BRDA:302,26,0,0
BRDA:302,26,1,2
BRDA:307,27,0,0
BRDA:307,27,1,2
BRDA:312,28,0,1
BRDA:312,28,1,1
BRDA:321,29,0,1
BRDA:321,29,1,1
BRDA:346,30,0,2
BRDA:346,30,1,1
BRDA:347,31,0,2
BRDA:347,31,1,1
BRDA:348,32,0,2
BRDA:348,32,1,2
BRDA:354,33,0,0
BRDA:354,33,1,2
BRDA:358,34,0,0
BRDA:358,34,1,0
BRDA:373,35,0,0
BRDA:373,35,1,0
BRDA:373,36,0,0
BRDA:373,36,1,0
BRDA:407,37,0,0
BRDA:407,37,1,2
BRDA:412,38,0,1
BRDA:412,38,1,1
BRF:78
BRH:46
end_of_record
TN:
SF:controllers\authController.js
FN:8,register
FN:102,login
FNF:2
FNH:2
FNDA:6,register
FNDA:5,login
DA:2,1
DA:3,1
DA:4,1
DA:5,1
DA:9,6
DA:11,6
DA:12,1
DA:13,1
DA:16,5
DA:17,1
DA:18,1
DA:21,4
DA:23,4
DA:27,3
DA:28,1
DA:29,1
DA:33,2
DA:36,2
DA:44,2
DA:45,2
DA:46,1
DA:50,1
DA:51,1
DA:52,1
DA:54,1
DA:65,1
DA:75,1
DA:82,2
DA:88,2
DA:96,1
DA:97,1
DA:103,5
DA:105,5
DA:106,1
DA:107,1
DA:110,4
DA:111,4
DA:115,3
DA:116,1
DA:117,1
DA:121,2
DA:122,2
DA:123,1
DA:124,1
DA:128,1
DA:134,1
DA:143,1
DA:151,1
DA:152,1
DA:156,1
LF:50
LH:50
BRDA:11,0,0,1
BRDA:11,0,1,5
BRDA:11,1,0,6
BRDA:11,1,1,5
BRDA:16,2,0,1
BRDA:16,2,1,4
BRDA:27,3,0,1
BRDA:27,3,1,2
BRDA:45,4,0,1
BRDA:45,4,1,1
BRDA:50,5,0,1
BRDA:50,5,1,0
BRDA:50,6,0,1
BRDA:50,6,1,1
BRDA:105,7,0,1
BRDA:105,7,1,4
BRDA:105,8,0,5
BRDA:105,8,1,4
BRDA:115,9,0,1
BRDA:115,9,1,2
BRDA:122,10,0,1
BRDA:122,10,1,1
BRF:22
BRH:21
end_of_record
TN:
SF:controllers\commentsController.js
FN:8,createComment
FN:92,getComments
FN:106,(anonymous_2)
FN:125,deleteComment
FNF:4
FNH:4
FNDA:5,createComment
FNDA:2,getComments
FNDA:1,(anonymous_2)
FNDA:3,deleteComment
DA:2,1
DA:3,1
DA:4,1
DA:5,1
DA:9,5
DA:10,5
DA:12,5
DA:13,1
DA:14,1
DA:17,4
DA:19,4
DA:23,4
DA:24,1
DA:25,1
DA:29,3
DA:30,1
DA:33,1
DA:34,1
DA:35,1
DA:40,2
DA:41,2
DA:42,2
DA:44,2
DA:45,1
DA:46,1
DA:47,1
DA:48,1
DA:50,0
DA:54,2
DA:64,2
DA:72,2
DA:75,2
DA:76,2
DA:78,2
DA:86,0
DA:87,0
DA:93,2
DA:95,2
DA:96,2
DA:106,1
DA:117,1
DA:119,1
DA:120,1
DA:126,3
DA:127,3
DA:129,3
DA:130,3
DA:134,3
DA:135,1
DA:136,1
DA:139,2
DA:140,1
DA:141,1
DA:144,1
DA:149,1
DA:150,1
DA:152,1
DA:159,1
DA:161,0
DA:162,0
DA:166,1
LF:61
LH:56
BRDA:12,0,0,1
BRDA:12,0,1,4
BRDA:12,1,0,5
BRDA:12,1,1,4
BRDA:23,2,0,1
BRDA:23,2,1,3
BRDA:29,3,0,1
BRDA:29,3,1,2
BRDA:33,4,0,1
BRDA:33,4,1,0
BRDA:42,5,0,2
BRDA:42,5,1,2
BRDA:44,6,0,1
BRDA:44,6,1,1
BRDA:48,7,0,1
BRDA:48,7,1,0
BRDA:60,8,0,0
BRDA:60,8,1,2
BRDA:79,9,0,0
BRDA:79,9,1,0
BRDA:83,10,0,0
BRDA:83,10,1,0
BRDA:134,11,0,1
BRDA:134,11,1,2
BRDA:139,12,0,1
BRDA:139,12,1,1
BRF:26
BRH:19
end_of_record
TN:
SF:middleware\auth.js
FN:7,authenticateToken
FN:16,(anonymous_1)
FN:27,optionalAuth
FN:37,(anonymous_3)
FNF:4
FNH:0
FNDA:0,authenticateToken
FNDA:0,(anonymous_1)
FNDA:0,optionalAuth
FNDA:0,(anonymous_3)
DA:2,2
DA:3,2
DA:4,2
DA:8,0
DA:9,0
DA:11,0
DA:12,0
DA:13,0
DA:16,0
DA:17,0
DA:18,0
DA:19,0
DA:21,0
DA:22,0
DA:28,0
DA:29,0
DA:31,0
DA:32,0
DA:33,0
DA:34,0
DA:37,0
DA:38,0
DA:39,0
DA:41,0
DA:43,0
DA:47,2
LF:26
LH:4
BRDA:9,0,0,0
BRDA:9,0,1,0
BRDA:11,1,0,0
BRDA:11,1,1,0
BRDA:17,2,0,0
BRDA:17,2,1,0
BRDA:29,3,0,0
BRDA:29,3,1,0
BRDA:31,4,0,0
BRDA:31,4,1,0
BRDA:38,5,0,0
BRDA:38,5,1,0
BRF:12
BRH:0
end_of_record
TN:
SF:utils\websocket.js
FN:14,broadcastOnlineCount
FN:26,init
FN:39,(anonymous_2)
FN:43,(anonymous_3)
FN:52,(anonymous_4)
FN:59,(anonymous_5)
FN:69,(anonymous_6)
FN:90,(anonymous_7)
FN:94,(anonymous_8)
FN:99,(anonymous_9)
FN:103,(anonymous_10)
FN:107,(anonymous_11)
FN:123,getIO
FN:127,emitToArticle
FN:131,emitToUser
FN:135,emitToAdmin
FN:139,emitToDashboard
FN:143,shutdown
FN:145,(anonymous_18)
FN:146,(anonymous_19)
FNF:20
FNH:2
FNDA:0,broadcastOnlineCount
FNDA:0,init
FNDA:0,(anonymous_2)
FNDA:0,(anonymous_3)
FNDA:0,(anonymous_4)
FNDA:0,(anonymous_5)
FNDA:0,(anonymous_6)
FNDA:0,(anonymous_7)
FNDA:0,(anonymous_8)
FNDA:0,(anonymous_9)
FNDA:0,(anonymous_10)
FNDA:0,(anonymous_11)
FNDA:0,getIO
FNDA:3,emitToArticle
FNDA:0,emitToUser
FNDA:3,emitToAdmin
FNDA:0,emitToDashboard
FNDA:0,shutdown
FNDA:0,(anonymous_18)
FNDA:0,(anonymous_19)
DA:2,1
DA:3,1
DA:4,1
DA:5,1
DA:6,1
DA:7,1
DA:9,1
DA:11,1
DA:12,1
DA:15,0
DA:16,0
DA:22,0
DA:23,0
DA:27,0
DA:34,0
DA:35,0
DA:36,0
DA:37,0
DA:38,0
DA:40,0
DA:41,0
DA:44,0
DA:47,0
DA:52,0
DA:53,0
DA:54,0
DA:55,0
DA:56,0
DA:59,0
DA:60,0
DA:61,0
DA:63,0
DA:65,0
DA:69,0
DA:71,0
DA:72,0
DA:73,0
DA:74,0
DA:76,0
DA:78,0
DA:81,0
DA:82,0
DA:85,0
DA:86,0
DA:90,0
DA:91,0
DA:94,0
DA:95,0
DA:99,0
DA:100,0
DA:103,0
DA:104,0
DA:107,0
DA:108,0
DA:109,0
DA:110,0
DA:111,0
DA:113,0
DA:115,0
DA:119,0
DA:120,0
DA:124,0
DA:128,3
DA:132,0
DA:136,3
DA:140,0
DA:144,0
DA:145,0
DA:146,0
DA:147,0
DA:148,0
DA:154,1
LF:72
LH:12
BRDA:15,0,0,0
BRDA:15,0,1,0
BRDA:34,1,0,0
BRDA:34,1,1,0
BRDA:54,2,0,0
BRDA:54,2,1,0
BRDA:60,3,0,0
BRDA:60,3,1,0
BRDA:71,4,0,0
BRDA:71,4,1,0
BRDA:73,5,0,0
BRDA:73,5,1,0
BRDA:81,6,0,0
BRDA:81,6,1,0
BRDA:85,7,0,0
BRDA:85,7,1,0
BRDA:91,8,0,0
BRDA:91,8,1,0
BRDA:95,9,0,0
BRDA:95,9,1,0
BRDA:108,10,0,0
BRDA:108,10,1,0
BRDA:110,11,0,0
BRDA:110,11,1,0
BRDA:144,12,0,0
BRDA:144,12,1,0
BRF:26
BRH:0
end_of_record
