TN:
SF:controllers\articlesController.js
FN:5,getArticles
FN:31,(anonymous_1)
FN:42,(anonymous_2)
FN:43,(anonymous_3)
FN:46,(anonymous_4)
FN:74,getArticle
FN:159,createArticle
FN:201,updateArticle
FN:253,deleteArticle
FN:293,pinArticle
FN:339,saveDraft
FN:355,(anonymous_11)
FN:355,(anonymous_12)
FN:382,getDrafts
FN:398,publishDraft
FNF:15
FNH:10
FNDA:3,getArticles
FNDA:0,(anonymous_1)
FNDA:0,(anonymous_2)
FNDA:0,(anonymous_3)
FNDA:1,(anonymous_4)
FNDA:3,getArticle
FNDA:2,createArticle
FNDA:2,updateArticle
FNDA:2,deleteArticle
FNDA:2,pinArticle
FNDA:2,saveDraft
FNDA:0,(anonymous_11)
FNDA:0,(anonymous_12)
FNDA:1,getDrafts
FNDA:2,publishDraft
DA:1,6
DA:2,6
DA:6,3
DA:7,3
DA:9,3
DA:10,3
DA:11,3
DA:12,1
DA:15,3
DA:28,2
DA:29,2
DA:30,2
DA:31,0
DA:32,0
DA:42,0
DA:43,0
DA:46,2
DA:66,2
DA:68,1
DA:69,1
DA:75,3
DA:76,3
DA:78,3
DA:79,3
DA:87,3
DA:88,2
DA:92,1
DA:98,1
DA:99,1
DA:101,1
DA:102,1
DA:107,1
DA:108,0
DA:121,0
DA:122,0
DA:123,0
DA:126,1
DA:151,1
DA:153,0
DA:154,0
DA:160,2
DA:161,2
DA:163,2
DA:164,1
DA:165,1
DA:168,1
DA:169,1
DA:179,1
DA:188,1
DA:195,0
DA:196,0
DA:202,2
DA:203,2
DA:204,2
DA:206,2
DA:207,0
DA:208,0
DA:211,2
DA:212,2
DA:216,2
DA:217,0
DA:218,0
DA:221,2
DA:222,1
DA:223,1
DA:226,1
DA:235,1
DA:237,1
DA:239,1
DA:247,0
DA:248,0
DA:254,2
DA:255,2
DA:257,2
DA:258,2
DA:262,2
DA:263,0
DA:264,0
DA:267,2
DA:268,1
DA:269,1
DA:272,1
DA:276,1
DA:278,1
DA:280,1
DA:287,0
DA:288,0
DA:294,2
DA:295,2
DA:297,2
DA:298,2
DA:302,2
DA:303,0
DA:304,0
DA:307,2
DA:308,0
DA:309,0
DA:312,2
DA:313,2
DA:318,2
DA:320,2
DA:325,2
DA:333,0
DA:334,0
DA:340,2
DA:341,2
DA:343,2
DA:344,2
DA:354,2
DA:355,0
DA:356,0
DA:357,0
DA:358,0
DA:359,0
DA:361,0
DA:367,2
DA:369,2
DA:376,0
DA:377,0
DA:383,1
DA:385,1
DA:386,1
DA:390,1
DA:392,0
DA:393,0
DA:399,2
DA:400,2
DA:402,2
DA:403,2
DA:407,2
DA:408,0
DA:409,0
DA:412,2
DA:413,1
DA:414,1
DA:417,1
DA:422,1
DA:424,1
DA:432,0
DA:433,0
DA:437,6
LF:141
LH:99
BRDA:11,0,0,1
BRDA:11,0,1,2
BRDA:30,1,0,0
BRDA:30,1,1,2
BRDA:52,2,0,1
BRDA:52,2,1,0
BRDA:57,3,0,0
BRDA:57,3,1,1
BRDA:87,4,0,2
BRDA:87,4,1,1
BRDA:101,5,0,1
BRDA:101,5,1,0
BRDA:107,6,0,0
BRDA:107,6,1,1
BRDA:115,7,0,0
BRDA:115,7,1,0
BRDA:115,8,0,0
BRDA:115,8,1,0
BRDA:132,9,0,1
BRDA:132,9,1,0
BRDA:133,10,0,1
BRDA:133,10,1,0
BRDA:138,11,0,0
BRDA:138,11,1,1
BRDA:163,12,0,1
BRDA:163,12,1,1
BRDA:172,13,0,1
BRDA:172,13,1,0
BRDA:173,14,0,1
BRDA:173,14,1,1
BRDA:182,15,0,1
BRDA:182,15,1,0
BRDA:183,16,0,1
BRDA:183,16,1,1
BRDA:192,17,0,0
BRDA:192,17,1,0
BRDA:206,18,0,0
BRDA:206,18,1,2
BRDA:216,19,0,0
BRDA:216,19,1,2
BRDA:221,20,0,1
BRDA:221,20,1,1
BRDA:230,21,0,1
BRDA:230,21,1,0
BRDA:231,22,0,1
BRDA:231,22,1,1
BRDA:244,23,0,0
BRDA:244,23,1,0
BRDA:262,24,0,0
BRDA:262,24,1,2
BRDA:267,25,0,1
BRDA:267,25,1,1
BRDA:302,26,0,0
BRDA:302,26,1,2
BRDA:307,27,0,0
BRDA:307,27,1,2
BRDA:312,28,0,1
BRDA:312,28,1,1
BRDA:321,29,0,1
BRDA:321,29,1,1
BRDA:346,30,0,2
BRDA:346,30,1,1
BRDA:347,31,0,2
BRDA:347,31,1,1
BRDA:348,32,0,2
BRDA:348,32,1,2
BRDA:354,33,0,0
BRDA:354,33,1,2
BRDA:358,34,0,0
BRDA:358,34,1,0
BRDA:373,35,0,0
BRDA:373,35,1,0
BRDA:373,36,0,0
BRDA:373,36,1,0
BRDA:407,37,0,0
BRDA:407,37,1,2
BRDA:412,38,0,1
BRDA:412,38,1,1
BRF:78
BRH:46
end_of_record
TN:
SF:controllers\authController.js
FN:8,register
FN:102,login
FNF:2
FNH:2
FNDA:11,register
FNDA:7,login
DA:2,6
DA:3,6
DA:4,6
DA:5,6
DA:9,11
DA:11,11
DA:12,2
DA:13,2
DA:16,9
DA:17,2
DA:18,2
DA:21,7
DA:23,7
DA:27,3
DA:28,1
DA:29,1
DA:33,2
DA:36,2
DA:44,2
DA:45,2
DA:46,1
DA:50,1
DA:51,1
DA:52,1
DA:54,1
DA:65,1
DA:75,1
DA:82,2
DA:88,2
DA:96,4
DA:97,4
DA:103,7
DA:105,7
DA:106,2
DA:107,2
DA:110,5
DA:111,5
DA:115,3
DA:116,1
DA:117,1
DA:121,2
DA:122,2
DA:123,1
DA:124,1
DA:128,1
DA:134,1
DA:143,1
DA:151,2
DA:152,2
DA:156,6
LF:50
LH:50
BRDA:11,0,0,2
BRDA:11,0,1,9
BRDA:11,1,0,11
BRDA:11,1,1,9
BRDA:16,2,0,2
BRDA:16,2,1,7
BRDA:27,3,0,1
BRDA:27,3,1,2
BRDA:45,4,0,1
BRDA:45,4,1,1
BRDA:50,5,0,1
BRDA:50,5,1,0
BRDA:50,6,0,1
BRDA:50,6,1,1
BRDA:105,7,0,2
BRDA:105,7,1,5
BRDA:105,8,0,7
BRDA:105,8,1,5
BRDA:115,9,0,1
BRDA:115,9,1,2
BRDA:122,10,0,1
BRDA:122,10,1,1
BRF:22
BRH:21
end_of_record
TN:
SF:controllers\commentsController.js
FN:7,createComment
FN:85,getComments
FN:99,(anonymous_2)
FN:118,deleteComment
FNF:4
FNH:4
FNDA:5,createComment
FNDA:2,getComments
FNDA:1,(anonymous_2)
FNDA:3,deleteComment
DA:2,6
DA:3,6
DA:4,6
DA:8,5
DA:9,5
DA:11,5
DA:12,1
DA:13,1
DA:16,4
DA:18,4
DA:22,4
DA:23,1
DA:24,1
DA:28,3
DA:29,1
DA:32,1
DA:33,1
DA:34,1
DA:39,2
DA:40,2
DA:41,2
DA:43,2
DA:44,1
DA:45,1
DA:46,1
DA:47,1
DA:49,0
DA:53,2
DA:63,2
DA:71,2
DA:79,0
DA:80,0
DA:86,2
DA:88,2
DA:89,2
DA:99,1
DA:110,1
DA:112,1
DA:113,1
DA:119,3
DA:120,3
DA:122,3
DA:123,3
DA:127,3
DA:128,1
DA:129,1
DA:132,2
DA:133,1
DA:134,1
DA:137,1
DA:141,1
DA:148,1
DA:150,0
DA:151,0
DA:155,6
LF:55
LH:50
BRDA:11,0,0,1
BRDA:11,0,1,4
BRDA:11,1,0,5
BRDA:11,1,1,4
BRDA:22,2,0,1
BRDA:22,2,1,3
BRDA:28,3,0,1
BRDA:28,3,1,2
BRDA:32,4,0,1
BRDA:32,4,1,0
BRDA:41,5,0,2
BRDA:41,5,1,2
BRDA:43,6,0,1
BRDA:43,6,1,1
BRDA:47,7,0,1
BRDA:47,7,1,0
BRDA:59,8,0,0
BRDA:59,8,1,2
BRDA:72,9,0,0
BRDA:72,9,1,0
BRDA:76,10,0,0
BRDA:76,10,1,0
BRDA:127,11,0,1
BRDA:127,11,1,2
BRDA:132,12,0,1
BRDA:132,12,1,1
BRF:26
BRH:19
end_of_record
TN:
SF:controllers\creatorController.js
FN:4,getCreatorStats
FN:62,getCreatorArticles
FN:86,(anonymous_2)
FN:98,(anonymous_3)
FN:114,getCreatorEarnings
FN:140,(anonymous_5)
FN:162,updateCreatorProfile
FN:180,setArticlePaid
FNF:8
FNH:0
FNDA:0,getCreatorStats
FNDA:0,getCreatorArticles
FNDA:0,(anonymous_2)
FNDA:0,(anonymous_3)
FNDA:0,getCreatorEarnings
FNDA:0,(anonymous_5)
FNDA:0,updateCreatorProfile
FNDA:0,setArticlePaid
DA:1,5
DA:5,0
DA:7,0
DA:8,0
DA:10,0
DA:18,0
DA:19,0
DA:22,0
DA:23,0
DA:24,0
DA:30,0
DA:31,0
DA:32,0
DA:33,0
DA:34,0
DA:35,0
DA:36,0
DA:39,0
DA:42,0
DA:56,0
DA:57,0
DA:63,0
DA:64,0
DA:65,0
DA:67,0
DA:68,0
DA:69,0
DA:71,0
DA:85,0
DA:86,0
DA:98,0
DA:108,0
DA:109,0
DA:115,0
DA:116,0
DA:117,0
DA:119,0
DA:120,0
DA:134,0
DA:139,0
DA:140,0
DA:156,0
DA:157,0
DA:163,0
DA:164,0
DA:166,0
DA:167,0
DA:172,0
DA:174,0
DA:175,0
DA:181,0
DA:182,0
DA:183,0
DA:185,0
DA:186,0
DA:187,0
DA:188,0
DA:190,0
DA:194,0
DA:196,0
DA:197,0
DA:201,5
LF:62
LH:2
BRDA:43,0,0,0
BRDA:43,0,1,0
BRDA:45,1,0,0
BRDA:45,1,1,0
BRDA:51,2,0,0
BRDA:51,2,1,0
BRDA:52,3,0,0
BRDA:52,3,1,0
BRDA:52,4,0,0
BRDA:52,4,1,0
BRDA:64,5,0,0
BRDA:64,6,0,0
BRDA:69,7,0,0
BRDA:69,7,1,0
BRDA:92,8,0,0
BRDA:92,8,1,0
BRDA:116,9,0,0
BRDA:116,10,0,0
BRDA:147,11,0,0
BRDA:147,11,1,0
BRDA:169,12,0,0
BRDA:169,12,1,0
BRDA:169,13,0,0
BRDA:169,13,1,0
BRDA:187,14,0,0
BRDA:187,14,1,0
BRDA:188,15,0,0
BRDA:188,15,1,0
BRDA:192,16,0,0
BRDA:192,16,1,0
BRDA:192,17,0,0
BRDA:192,17,1,0
BRDA:192,18,0,0
BRDA:192,18,1,0
BRF:34
BRH:0
end_of_record
TN:
SF:controllers\interactController.js
FN:6,likeArticle
FN:28,unlikeArticle
FN:50,getMyLikes
FN:73,(anonymous_3)
FN:88,collectArticle
FN:110,uncollectArticle
FN:132,getMyCollections
FN:155,(anonymous_7)
FN:170,followUser
FN:196,unfollowUser
FN:218,getMyFollowers
FN:239,(anonymous_11)
FN:253,getMyFollowing
FN:274,(anonymous_13)
FN:290,getArticleInteraction
FN:348,getUserProfile
FN:379,getPopularAuthors
FN:391,(anonymous_17)
FN:408,purchaseArticle
FN:433,checkAccess
FNF:20
FNH:0
FNDA:0,likeArticle
FNDA:0,unlikeArticle
FNDA:0,getMyLikes
FNDA:0,(anonymous_3)
FNDA:0,collectArticle
FNDA:0,uncollectArticle
FNDA:0,getMyCollections
FNDA:0,(anonymous_7)
FNDA:0,followUser
FNDA:0,unfollowUser
FNDA:0,getMyFollowers
FNDA:0,(anonymous_11)
FNDA:0,getMyFollowing
FNDA:0,(anonymous_13)
FNDA:0,getArticleInteraction
FNDA:0,getUserProfile
FNDA:0,getPopularAuthors
FNDA:0,(anonymous_17)
FNDA:0,purchaseArticle
FNDA:0,checkAccess
DA:1,5
DA:7,0
DA:8,0
DA:10,0
DA:11,0
DA:14,0
DA:15,0
DA:18,0
DA:19,0
DA:20,0
DA:22,0
DA:23,0
DA:29,0
DA:30,0
DA:32,0
DA:33,0
DA:36,0
DA:37,0
DA:40,0
DA:41,0
DA:42,0
DA:44,0
DA:45,0
DA:51,0
DA:52,0
DA:53,0
DA:54,0
DA:56,0
DA:57,0
DA:72,0
DA:73,0
DA:80,0
DA:81,0
DA:89,0
DA:90,0
DA:92,0
DA:93,0
DA:96,0
DA:97,0
DA:100,0
DA:101,0
DA:102,0
DA:104,0
DA:105,0
DA:111,0
DA:112,0
DA:114,0
DA:115,0
DA:118,0
DA:119,0
DA:122,0
DA:123,0
DA:124,0
DA:126,0
DA:127,0
DA:133,0
DA:134,0
DA:135,0
DA:136,0
DA:138,0
DA:139,0
DA:154,0
DA:155,0
DA:162,0
DA:163,0
DA:171,0
DA:172,0
DA:174,0
DA:175,0
DA:178,0
DA:179,0
DA:182,0
DA:183,0
DA:186,0
DA:187,0
DA:188,0
DA:190,0
DA:191,0
DA:197,0
DA:198,0
DA:200,0
DA:201,0
DA:204,0
DA:205,0
DA:208,0
DA:209,0
DA:210,0
DA:212,0
DA:213,0
DA:219,0
DA:220,0
DA:221,0
DA:222,0
DA:224,0
DA:225,0
DA:238,0
DA:239,0
DA:247,0
DA:248,0
DA:254,0
DA:255,0
DA:256,0
DA:257,0
DA:259,0
DA:260,0
DA:273,0
DA:274,0
DA:282,0
DA:283,0
DA:291,0
DA:292,0
DA:294,0
DA:295,0
DA:302,0
DA:304,0
DA:313,0
DA:314,0
DA:327,0
DA:328,0
DA:329,0
DA:332,0
DA:333,0
DA:338,0
DA:340,0
DA:341,0
DA:349,0
DA:351,0
DA:352,0
DA:359,0
DA:361,0
DA:373,0
DA:374,0
DA:380,0
DA:381,0
DA:391,0
DA:401,0
DA:402,0
DA:409,0
DA:410,0
DA:412,0
DA:413,0
DA:414,0
DA:415,0
DA:417,0
DA:420,0
DA:422,0
DA:426,0
DA:428,0
DA:429,0
DA:434,0
DA:435,0
DA:436,0
DA:438,0
DA:439,0
DA:440,0
DA:441,0
DA:443,0
DA:444,0
DA:445,0
DA:446,0
DA:448,0
DA:451,0
DA:454,0
DA:456,0
DA:457,0
DA:461,5
LF:166
LH:2
BRDA:14,0,0,0
BRDA:14,0,1,0
BRDA:36,1,0,0
BRDA:36,1,1,0
BRDA:52,2,0,0
BRDA:52,2,1,0
BRDA:53,3,0,0
BRDA:53,3,1,0
BRDA:96,4,0,0
BRDA:96,4,1,0
BRDA:118,5,0,0
BRDA:118,5,1,0
BRDA:134,6,0,0
BRDA:134,6,1,0
BRDA:135,7,0,0
BRDA:135,7,1,0
BRDA:174,8,0,0
BRDA:174,8,1,0
BRDA:182,9,0,0
BRDA:182,9,1,0
BRDA:204,10,0,0
BRDA:204,10,1,0
BRDA:220,11,0,0
BRDA:220,11,1,0
BRDA:221,12,0,0
BRDA:221,12,1,0
BRDA:255,13,0,0
BRDA:255,13,1,0
BRDA:256,14,0,0
BRDA:256,14,1,0
BRDA:302,15,0,0
BRDA:302,15,1,0
BRDA:313,16,0,0
BRDA:313,16,1,0
BRDA:321,17,0,0
BRDA:321,17,1,0
BRDA:321,18,0,0
BRDA:321,18,1,0
BRDA:332,19,0,0
BRDA:332,19,1,0
BRDA:359,20,0,0
BRDA:359,20,1,0
BRDA:368,21,0,0
BRDA:368,21,1,0
BRDA:369,22,0,0
BRDA:369,22,1,0
BRDA:370,23,0,0
BRDA:370,23,1,0
BRDA:396,24,0,0
BRDA:396,24,1,0
BRDA:397,25,0,0
BRDA:397,25,1,0
BRDA:398,26,0,0
BRDA:398,26,1,0
BRDA:414,27,0,0
BRDA:414,27,1,0
BRDA:415,28,0,0
BRDA:415,28,1,0
BRDA:420,29,0,0
BRDA:420,29,1,0
BRDA:423,30,0,0
BRDA:423,30,1,0
BRDA:440,31,0,0
BRDA:440,31,1,0
BRDA:441,32,0,0
BRDA:441,32,1,0
BRDA:444,33,0,0
BRDA:444,33,1,0
BRDA:445,34,0,0
BRDA:445,34,1,0
BRF:70
BRH:0
end_of_record
TN:
SF:controllers\seoController.js
FN:6,getRSS
FN:27,(anonymous_1)
FN:47,getSitemap
FN:68,(anonymous_3)
FNF:4
FNH:0
FNDA:0,getRSS
FNDA:0,(anonymous_1)
FNDA:0,getSitemap
FNDA:0,(anonymous_3)
DA:2,5
DA:3,5
DA:7,0
DA:8,0
DA:16,0
DA:27,0
DA:28,0
DA:38,0
DA:39,0
DA:41,0
DA:42,0
DA:48,0
DA:50,0
DA:51,0
DA:57,0
DA:58,0
DA:61,0
DA:62,0
DA:63,0
DA:64,0
DA:65,0
DA:68,0
DA:69,0
DA:70,0
DA:71,0
DA:72,0
DA:73,0
DA:74,0
DA:75,0
DA:78,0
DA:80,0
DA:81,0
DA:83,0
DA:84,0
DA:88,5
LF:35
LH:3
BRDA:30,0,0,0
BRDA:30,0,1,0
BRDA:30,0,2,0
BRDA:32,1,0,0
BRDA:32,1,1,0
BRF:5
BRH:0
end_of_record
TN:
SF:controllers\statsController.js
FN:5,search
FN:38,getPopular
FN:56,(anonymous_2)
FN:69,getArchive
FN:78,(anonymous_4)
FN:97,(anonymous_5)
FN:107,getArchiveByMonth
FN:136,getStats
FN:184,(anonymous_8)
FNF:9
FNH:0
FNDA:0,search
FNDA:0,getPopular
FNDA:0,(anonymous_2)
FNDA:0,getArchive
FNDA:0,(anonymous_4)
FNDA:0,(anonymous_5)
FNDA:0,getArchiveByMonth
FNDA:0,getStats
FNDA:0,(anonymous_8)
DA:2,5
DA:6,0
DA:8,0
DA:9,0
DA:10,0
DA:13,0
DA:14,0
DA:30,0
DA:32,0
DA:33,0
DA:39,0
DA:41,0
DA:42,0
DA:56,0
DA:61,0
DA:63,0
DA:64,0
DA:70,0
DA:71,0
DA:77,0
DA:78,0
DA:79,0
DA:80,0
DA:81,0
DA:82,0
DA:84,0
DA:85,0
DA:87,0
DA:96,0
DA:97,0
DA:99,0
DA:101,0
DA:102,0
DA:108,0
DA:110,0
DA:111,0
DA:112,0
DA:113,0
DA:115,0
DA:128,0
DA:130,0
DA:131,0
DA:137,0
DA:147,0
DA:176,0
DA:184,0
DA:187,0
DA:188,0
DA:192,5
LF:49
LH:2
BRDA:8,0,0,0
BRDA:8,0,1,0
BRDA:8,1,0,0
BRDA:8,1,1,0
BRDA:39,2,0,0
BRDA:39,2,1,0
BRDA:84,3,0,0
BRDA:84,3,1,0
BRDA:178,4,0,0
BRDA:178,4,1,0
BRDA:179,5,0,0
BRDA:179,5,1,0
BRDA:180,6,0,0
BRDA:180,6,1,0
BRDA:181,7,0,0
BRDA:181,7,1,0
BRDA:182,8,0,0
BRDA:182,8,1,0
BRDA:183,9,0,0
BRDA:183,9,1,0
BRDA:184,10,0,0
BRDA:184,10,1,0
BRF:22
BRH:0
end_of_record
TN:
SF:controllers\subscriptionController.js
FN:6,getPlans
FN:20,getStatus
FN:79,subscribe
FN:169,cancel
FN:203,getHistory
FNF:5
FNH:1
FNDA:1,getPlans
FNDA:0,getStatus
FNDA:0,subscribe
FNDA:0,cancel
FNDA:0,getHistory
DA:2,5
DA:3,5
DA:7,1
DA:8,1
DA:12,1
DA:14,0
DA:15,0
DA:21,0
DA:23,0
DA:24,0
DA:37,0
DA:38,0
DA:44,0
DA:47,0
DA:48,0
DA:52,0
DA:61,0
DA:73,0
DA:74,0
DA:80,0
DA:81,0
DA:83,0
DA:84,0
DA:87,0
DA:89,0
DA:93,0
DA:94,0
DA:98,0
DA:109,0
DA:110,0
DA:111,0
DA:114,0
DA:115,0
DA:116,0
DA:119,0
DA:125,0
DA:137,0
DA:147,0
DA:163,0
DA:164,0
DA:170,0
DA:172,0
DA:173,0
DA:183,0
DA:184,0
DA:187,0
DA:192,0
DA:197,0
DA:198,0
DA:204,0
DA:206,0
DA:207,0
DA:217,0
DA:222,0
DA:227,0
DA:228,0
DA:232,5
LF:57
LH:6
BRDA:37,0,0,0
BRDA:37,0,1,0
BRDA:47,1,0,0
BRDA:47,1,1,0
BRDA:47,2,0,0
BRDA:47,2,1,0
BRDA:81,3,0,0
BRDA:83,4,0,0
BRDA:83,4,1,0
BRDA:93,5,0,0
BRDA:93,5,1,0
BRDA:93,6,0,0
BRDA:93,6,1,0
BRDA:114,7,0,0
BRDA:114,7,1,0
BRDA:114,8,0,0
BRDA:114,8,1,0
BRDA:183,9,0,0
BRDA:183,9,1,0
BRF:19
BRH:0
end_of_record
TN:
SF:controllers\tagsController.js
FN:5,getTags
FN:18,createTag
FN:42,addTagToArticle
FN:86,getArticleTags
FN:96,(anonymous_4)
FN:105,deleteArticleTag
FNF:6
FNH:0
FNDA:0,getTags
FNDA:0,createTag
FNDA:0,addTagToArticle
FNDA:0,getArticleTags
FNDA:0,(anonymous_4)
FNDA:0,deleteArticleTag
DA:2,5
DA:6,0
DA:7,0
DA:10,0
DA:12,0
DA:13,0
DA:19,0
DA:21,0
DA:22,0
DA:23,0
DA:26,0
DA:27,0
DA:30,0
DA:32,0
DA:33,0
DA:35,0
DA:36,0
DA:43,0
DA:44,0
DA:45,0
DA:47,0
DA:49,0
DA:53,0
DA:54,0
DA:55,0
DA:58,0
DA:59,0
DA:60,0
DA:64,0
DA:65,0
DA:66,0
DA:70,0
DA:74,0
DA:76,0
DA:77,0
DA:79,0
DA:80,0
DA:87,0
DA:89,0
DA:90,0
DA:96,0
DA:97,0
DA:99,0
DA:100,0
DA:106,0
DA:107,0
DA:109,0
DA:111,0
DA:115,0
DA:116,0
DA:117,0
DA:120,0
DA:121,0
DA:122,0
DA:125,0
DA:134,0
DA:136,0
DA:137,0
DA:141,5
LF:59
LH:2
BRDA:21,0,0,0
BRDA:21,0,1,0
BRDA:21,1,0,0
BRDA:21,1,1,0
BRDA:32,2,0,0
BRDA:32,2,1,0
BRDA:53,3,0,0
BRDA:53,3,1,0
BRDA:58,4,0,0
BRDA:58,4,1,0
BRDA:65,5,0,0
BRDA:65,5,1,0
BRDA:76,6,0,0
BRDA:76,6,1,0
BRDA:115,7,0,0
BRDA:115,7,1,0
BRDA:120,8,0,0
BRDA:120,8,1,0
BRF:18
BRH:0
end_of_record
TN:
SF:controllers\uploadController.js
FN:14,(anonymous_0)
FN:17,(anonymous_1)
FN:26,(anonymous_2)
FN:45,uploadImage
FN:61,uploadErrorHandler
FNF:5
FNH:0
FNDA:0,(anonymous_0)
FNDA:0,(anonymous_1)
FNDA:0,(anonymous_2)
FNDA:0,uploadImage
FNDA:0,uploadErrorHandler
DA:2,5
DA:3,5
DA:4,5
DA:7,5
DA:8,5
DA:9,0
DA:13,5
DA:15,0
DA:19,0
DA:20,0
DA:21,0
DA:26,5
DA:27,0
DA:28,0
DA:29,0
DA:31,0
DA:32,0
DA:34,0
DA:38,5
DA:46,0
DA:47,0
DA:48,0
DA:52,0
DA:53,0
DA:62,0
DA:63,0
DA:65,0
DA:69,5
LF:28
LH:9
BRDA:8,0,0,0
BRDA:8,0,1,5
BRDA:31,1,0,0
BRDA:31,1,1,0
BRDA:31,2,0,0
BRDA:31,2,1,0
BRDA:46,3,0,0
BRDA:46,3,1,0
BRDA:62,4,0,0
BRDA:62,4,1,0
BRF:10
BRH:1
end_of_record
TN:
SF:middleware\auth.js
FN:7,authenticateToken
FN:16,(anonymous_1)
FN:27,optionalAuth
FN:37,(anonymous_3)
FNF:4
FNH:4
FNDA:9,authenticateToken
FNDA:4,(anonymous_1)
FNDA:5,optionalAuth
FNDA:3,(anonymous_3)
DA:2,8
DA:3,8
DA:4,8
DA:8,9
DA:9,9
DA:11,9
DA:12,5
DA:13,5
DA:16,4
DA:17,4
DA:18,3
DA:19,3
DA:21,1
DA:22,1
DA:28,5
DA:29,5
DA:31,5
DA:32,2
DA:33,2
DA:34,2
DA:37,3
DA:38,3
DA:39,2
DA:41,1
DA:43,3
DA:47,8
LF:26
LH:26
BRDA:9,0,0,9
BRDA:9,0,1,5
BRDA:11,1,0,5
BRDA:11,1,1,4
BRDA:17,2,0,3
BRDA:17,2,1,1
BRDA:29,3,0,5
BRDA:29,3,1,3
BRDA:31,4,0,2
BRDA:31,4,1,3
BRDA:38,5,0,2
BRDA:38,5,1,1
BRF:12
BRH:12
end_of_record
TN:
SF:middleware\cache.js
FN:5,isRedisReady
FN:10,getCacheKey
FN:18,cacheMiddleware
FN:19,(anonymous_3)
FN:35,(anonymous_4)
FN:45,clearArticleCache
FN:63,clearTagCache
FNF:7
FNH:7
FNDA:7,isRedisReady
FNDA:3,getCacheKey
FNDA:24,cacheMiddleware
FNDA:5,(anonymous_3)
FNDA:2,(anonymous_4)
FNDA:3,clearArticleCache
FNDA:1,clearTagCache
DA:2,6
DA:6,7
DA:11,3
DA:12,1
DA:14,2
DA:19,24
DA:21,5
DA:22,2
DA:25,3
DA:28,3
DA:29,3
DA:30,1
DA:34,2
DA:35,2
DA:36,2
DA:37,2
DA:40,2
DA:46,3
DA:49,3
DA:51,3
DA:54,3
DA:55,1
DA:58,2
DA:64,1
DA:65,1
DA:68,6
LF:26
LH:26
BRDA:11,0,0,1
BRDA:11,0,1,2
BRDA:21,1,0,2
BRDA:21,1,1,3
BRDA:29,2,0,1
BRDA:29,2,1,2
BRDA:45,3,0,2
BRDA:54,4,0,1
BRDA:54,4,1,2
BRF:9
BRH:9
end_of_record
TN:
SF:middleware\errorHandler.js
FN:9,(anonymous_0)
FN:20,(anonymous_1)
FN:23,(anonymous_2)
FN:26,(anonymous_3)
FN:29,(anonymous_4)
FN:32,(anonymous_5)
FN:35,(anonymous_6)
FN:38,(anonymous_7)
FN:42,formatErrorResponse
FN:54,(anonymous_9)
FN:74,(anonymous_10)
FN:139,handlePrismaError
FN:175,getErrorStatusCode
FN:202,globalErrorHandler
FN:233,asyncHandler
FN:234,(anonymous_15)
FN:240,notFoundHandler
FNF:17
FNH:17
FNDA:13,(anonymous_0)
FNDA:3,(anonymous_1)
FNDA:1,(anonymous_2)
FNDA:2,(anonymous_3)
FNDA:3,(anonymous_4)
FNDA:1,(anonymous_5)
FNDA:1,(anonymous_6)
FNDA:1,(anonymous_7)
FNDA:13,formatErrorResponse
FNDA:1,(anonymous_9)
FNDA:1,(anonymous_10)
FNDA:5,handlePrismaError
FNDA:3,getErrorStatusCode
FNDA:3,globalErrorHandler
FNDA:7,asyncHandler
FNDA:2,(anonymous_15)
FNDA:1,notFoundHandler
DA:4,7
DA:5,7
DA:10,13
DA:11,13
DA:12,13
DA:13,13
DA:14,13
DA:15,13
DA:20,7
DA:21,3
DA:23,7
DA:24,1
DA:26,7
DA:27,2
DA:29,7
DA:30,3
DA:32,7
DA:33,1
DA:35,7
DA:36,1
DA:38,7
DA:39,1
DA:43,13
DA:44,13
DA:48,13
DA:49,1
DA:54,1
DA:66,12
DA:67,1
DA:68,1
DA:69,1
DA:74,1
DA:87,11
DA:88,5
DA:92,6
DA:97,3
DA:102,3
DA:114,3
DA:115,2
DA:127,1
DA:140,5
DA:141,5
DA:143,5
DA:152,5
DA:153,5
DA:154,4
DA:164,1
DA:176,3
DA:177,1
DA:181,2
DA:182,1
DA:186,1
DA:187,0
DA:191,1
DA:192,0
DA:193,0
DA:194,0
DA:195,0
DA:198,1
DA:203,3
DA:204,3
DA:206,3
DA:209,3
DA:222,0
DA:223,0
DA:225,0
DA:228,0
DA:229,0
DA:234,7
DA:235,2
DA:241,1
DA:244,7
LF:72
LH:62
BRDA:9,0,0,0
BRDA:9,1,0,0
BRDA:9,2,0,10
BRDA:20,3,0,0
BRDA:23,4,0,1
BRDA:26,5,0,1
BRDA:29,6,0,1
BRDA:32,7,0,0
BRDA:35,8,0,1
BRDA:38,9,0,1
BRDA:48,10,0,1
BRDA:48,10,1,12
BRDA:48,11,0,13
BRDA:48,11,1,1
BRDA:55,12,0,1
BRDA:55,12,1,0
BRDA:66,13,0,1
BRDA:66,13,1,11
BRDA:68,14,0,1
BRDA:68,14,1,0
BRDA:75,15,0,1
BRDA:75,15,1,0
BRDA:87,16,0,5
BRDA:87,16,1,6
BRDA:92,17,0,3
BRDA:92,17,1,3
BRDA:93,18,0,6
BRDA:93,18,1,5
BRDA:93,18,2,4
BRDA:106,19,0,3
BRDA:106,19,1,0
BRDA:107,20,0,0
BRDA:107,20,1,3
BRDA:114,21,0,2
BRDA:114,21,1,1
BRDA:120,22,0,2
BRDA:120,22,1,1
BRDA:131,23,0,0
BRDA:131,23,1,1
BRDA:132,24,0,1
BRDA:132,24,1,0
BRDA:153,25,0,4
BRDA:153,25,1,1
BRDA:159,26,0,0
BRDA:159,26,1,4
BRDA:169,27,0,0
BRDA:169,27,1,1
BRDA:176,28,0,1
BRDA:176,28,1,2
BRDA:176,29,0,3
BRDA:176,29,1,2
BRDA:177,30,0,1
BRDA:177,30,1,0
BRDA:181,31,0,1
BRDA:181,31,1,1
BRDA:186,32,0,0
BRDA:186,32,1,1
BRDA:186,33,0,1
BRDA:186,33,1,0
BRDA:186,33,2,1
BRDA:191,34,0,0
BRDA:191,34,1,1
BRDA:192,35,0,0
BRDA:192,35,1,0
BRDA:193,36,0,0
BRDA:193,36,1,0
BRDA:194,37,0,0
BRDA:194,37,1,0
BRDA:203,38,0,3
BRDA:203,38,1,3
BRDA:203,38,2,3
BRDA:213,39,0,3
BRDA:213,39,1,0
BRDA:219,40,0,0
BRDA:219,40,1,0
BRDA:222,41,0,0
BRDA:222,41,1,0
BRF:77
BRH:49
end_of_record
TN:
SF:middleware\security.js
FN:67,getAllowedOrigins
FN:82,(anonymous_1)
FN:98,(anonymous_2)
FN:106,(anonymous_3)
FNF:4
FNH:4
FNDA:1,getAllowedOrigins
FNDA:1,(anonymous_1)
FNDA:4,(anonymous_2)
FNDA:2,(anonymous_3)
DA:4,1
DA:5,1
DA:6,1
DA:9,1
DA:68,1
DA:71,1
DA:72,0
DA:81,1
DA:82,1
DA:83,1
DA:84,1
DA:88,1
DA:89,0
DA:92,1
DA:95,1
DA:97,1
DA:100,4
DA:101,2
DA:102,2
DA:106,2
DA:107,2
DA:108,0
DA:110,2
DA:113,2
DA:114,0
DA:116,2
DA:148,1
DA:153,1
LF:28
LH:24
BRDA:26,0,0,0
BRDA:26,0,1,1
BRDA:71,1,0,0
BRDA:71,1,1,1
BRDA:81,2,0,1
BRDA:81,2,1,1
BRDA:81,2,2,0
BRDA:84,3,0,1
BRDA:84,3,1,0
BRDA:88,4,0,0
BRDA:88,4,1,1
BRDA:100,5,0,2
BRDA:100,5,1,2
BRDA:107,6,0,0
BRDA:107,6,1,2
BRDA:113,7,0,0
BRDA:113,7,1,2
BRDA:142,8,0,0
BRDA:142,8,1,1
BRF:19
BRH:11
end_of_record
TN:
SF:middleware\validator.js
FN:6,validate
FN:9,(anonymous_1)
FNF:2
FNH:2
FNDA:2,validate
FNDA:1,(anonymous_1)
DA:2,1
DA:3,1
DA:7,2
DA:8,2
DA:9,1
DA:15,1
DA:17,1
DA:22,1
DA:42,1
DA:55,1
DA:74,1
DA:95,1
DA:105,1
DA:119,1
LF:14
LH:14
BRDA:8,0,0,1
BRDA:8,0,1,1
BRF:2
BRH:2
end_of_record
TN:
SF:routes\articles.js
FNF:0
FNH:0
DA:2,5
DA:3,5
DA:4,5
DA:5,5
DA:16,5
DA:51,5
DA:73,5
DA:94,5
DA:109,5
DA:130,5
DA:160,5
DA:184,5
DA:204,5
DA:225,5
DA:227,5
LF:15
LH:15
BRF:0
BRH:0
end_of_record
TN:
SF:routes\auth.js
FNF:0
FNH:0
DA:2,5
DA:3,5
DA:4,5
DA:37,5
DA:66,5
DA:68,5
LF:6
LH:6
BRF:0
BRH:0
end_of_record
TN:
SF:routes\comments.js
FNF:0
FNH:0
DA:2,5
DA:3,5
DA:4,5
DA:5,5
DA:36,5
DA:67,5
DA:92,5
DA:94,5
LF:8
LH:8
BRF:0
BRH:0
end_of_record
TN:
SF:routes\creator.js
FNF:0
FNH:0
DA:2,5
DA:3,5
DA:4,5
DA:11,5
DA:26,5
DA:41,5
DA:55,5
DA:75,5
DA:102,5
DA:104,5
LF:10
LH:10
BRF:0
BRH:0
end_of_record
TN:
SF:routes\health.js
FN:54,(anonymous_0)
FNF:1
FNH:0
FNDA:0,(anonymous_0)
DA:2,5
DA:3,5
DA:4,5
DA:5,5
DA:54,5
DA:55,0
DA:56,0
DA:57,0
DA:59,0
DA:81,5
LF:10
LH:6
BRDA:59,0,0,0
BRDA:59,0,1,0
BRDA:76,1,0,0
BRDA:76,1,1,0
BRF:4
BRH:0
end_of_record
TN:
SF:routes\interact.js
FNF:0
FNH:0
DA:2,5
DA:3,5
DA:4,5
DA:11,5
DA:24,5
DA:42,5
DA:62,5
DA:82,5
DA:96,5
DA:110,5
DA:130,5
DA:150,5
DA:170,5
DA:190,5
DA:204,5
DA:218,5
DA:237,5
DA:259,5
DA:278,5
DA:280,5
LF:20
LH:20
BRF:0
BRH:0
end_of_record
TN:
SF:routes\seo.js
FNF:0
FNH:0
DA:2,5
DA:3,5
DA:4,5
DA:21,5
DA:38,5
DA:40,5
LF:6
LH:6
BRF:0
BRH:0
end_of_record
TN:
SF:routes\stats.js
FNF:0
FNH:0
DA:2,5
DA:3,5
DA:4,5
DA:5,5
DA:30,5
DA:48,5
DA:71,5
DA:89,5
DA:111,5
DA:113,5
LF:10
LH:10
BRF:0
BRH:0
end_of_record
TN:
SF:routes\subscription.js
FNF:0
FNH:0
DA:2,5
DA:3,5
DA:4,5
DA:5,5
DA:30,5
DA:53,5
DA:76,5
DA:92,5
DA:107,5
DA:109,5
LF:10
LH:10
BRF:0
BRH:0
end_of_record
TN:
SF:routes\tags.js
FNF:0
FNH:0
DA:2,5
DA:3,5
DA:4,5
DA:5,5
DA:6,5
DA:29,5
DA:54,5
DA:85,5
DA:103,5
DA:128,5
DA:130,5
LF:11
LH:11
BRF:0
BRH:0
end_of_record
TN:
SF:routes\upload.js
FNF:0
FNH:0
DA:2,5
DA:3,5
DA:4,5
DA:5,5
DA:40,5
DA:42,5
LF:6
LH:6
BRF:0
BRH:0
end_of_record
TN:
SF:utils\database.js
FN:21,healthCheck
FN:55,getStatus
FN:66,getMetrics
FN:91,withRetry
FN:92,(anonymous_4)
FN:115,(anonymous_5)
FN:121,disconnect
FN:128,connect
FNF:8
FNH:8
FNDA:2,healthCheck
FNDA:3,getStatus
FNDA:2,getMetrics
FNDA:5,withRetry
FNDA:7,(anonymous_4)
FNDA:5,(anonymous_5)
FNDA:1,disconnect
FNDA:2,connect
DA:4,6
DA:5,6
DA:8,6
DA:9,6
DA:15,6
DA:16,6
DA:17,6
DA:18,6
DA:22,2
DA:23,2
DA:24,2
DA:25,1
DA:27,1
DA:28,1
DA:29,1
DA:31,1
DA:39,1
DA:40,1
DA:42,1
DA:44,1
DA:56,3
DA:67,2
DA:69,2
DA:70,1
DA:72,1
DA:86,1
DA:92,7
DA:94,5
DA:95,10
DA:96,10
DA:99,7
DA:108,7
DA:110,5
DA:111,5
DA:115,5
DA:122,1
DA:123,1
DA:124,1
DA:129,2
DA:130,2
DA:131,1
DA:132,1
DA:133,1
DA:138,1
DA:139,1
DA:144,6
LF:46
LH:46
BRDA:74,0,0,1
BRDA:74,0,1,0
BRDA:75,1,0,1
BRDA:75,1,1,0
BRDA:76,2,0,1
BRDA:76,2,1,0
BRDA:77,3,0,1
BRDA:77,3,1,0
BRDA:80,4,0,1
BRDA:80,4,1,0
BRDA:81,5,0,1
BRDA:81,5,1,0
BRDA:83,6,0,1
BRDA:83,6,1,1
BRDA:91,7,0,2
BRDA:92,8,0,4
BRDA:92,9,0,2
BRDA:92,10,0,5
BRDA:99,11,0,7
BRDA:99,11,1,7
BRDA:99,11,2,6
BRDA:99,11,3,1
BRDA:99,11,4,1
BRDA:99,11,5,1
BRDA:99,11,6,1
BRDA:99,11,7,1
BRDA:108,12,0,2
BRDA:108,12,1,5
BRF:28
BRH:22
end_of_record
TN:
SF:utils\email.js
FN:16,getTransporter
FN:32,sendEmail
FN:57,wrapTemplate
FN:89,sendCommentNotification
FN:103,sendSubscriptionExpiryNotice
FN:120,sendSubscriptionConfirm
FN:133,sendWelcomeEmail
FNF:7
FNH:6
FNDA:0,getTransporter
FNDA:6,sendEmail
FNDA:4,wrapTemplate
FNDA:1,sendCommentNotification
FNDA:1,sendSubscriptionExpiryNotice
FNDA:1,sendSubscriptionConfirm
FNDA:1,sendWelcomeEmail
DA:2,1
DA:3,1
DA:5,1
DA:6,1
DA:7,1
DA:8,1
DA:9,1
DA:10,1
DA:11,1
DA:14,1
DA:17,0
DA:18,0
DA:28,0
DA:33,6
DA:34,5
DA:35,5
DA:36,5
DA:39,0
DA:40,0
DA:46,0
DA:47,0
DA:49,0
DA:50,0
DA:58,4
DA:90,1
DA:99,1
DA:104,1
DA:105,1
DA:112,1
DA:121,1
DA:125,1
DA:134,1
DA:140,1
DA:143,1
LF:34
LH:25
BRDA:9,0,0,1
BRDA:9,0,1,1
BRDA:17,1,0,0
BRDA:17,1,1,0
BRDA:33,2,0,1
BRDA:33,2,1,5
BRDA:34,3,0,5
BRDA:34,3,1,0
BRDA:34,4,0,5
BRDA:34,4,1,0
BRDA:93,5,0,1
BRDA:93,5,1,0
BRDA:106,6,0,1
BRDA:106,6,1,0
BRF:14
BRH:8
end_of_record
TN:
SF:utils\response.js
FN:10,success
FN:26,error
FN:47,paginated
FN:71,created
FN:79,noContent
FNF:5
FNH:5
FNDA:4,success
FNDA:3,error
FNDA:5,paginated
FNDA:1,created
FNDA:1,noContent
DA:11,4
DA:27,3
DA:33,3
DA:34,1
DA:36,3
DA:48,5
DA:49,5
DA:72,1
DA:80,1
DA:83,1
LF:10
LH:10
BRDA:10,0,0,0
BRDA:10,1,0,2
BRDA:10,2,0,2
BRDA:26,3,0,1
BRDA:26,4,0,1
BRDA:26,5,0,2
BRDA:33,6,0,1
BRDA:33,6,1,2
BRDA:47,7,0,0
BRDA:47,8,0,0
BRDA:47,9,0,0
BRDA:47,10,0,2
BRDA:48,11,0,5
BRDA:48,11,1,1
BRDA:71,12,0,0
BRDA:71,13,0,1
BRF:16
BRH:11
end_of_record
TN:
SF:utils\sanitize.js
FN:4,sanitizeHtml
FN:14,(anonymous_1)
FN:18,escapeRegex
FN:24,validateEmail
FN:31,generateSlug
FNF:5
FNH:5
FNDA:7,sanitizeHtml
FNDA:9,(anonymous_1)
FNDA:5,escapeRegex
FNDA:10,validateEmail
FNDA:10,generateSlug
DA:5,7
DA:6,4
DA:14,9
DA:19,5
DA:20,2
DA:25,10
DA:26,7
DA:27,7
DA:32,10
DA:33,8
DA:48,8
DA:49,1
DA:54,1
DA:57,8
DA:60,1
LF:15
LH:15
BRDA:5,0,0,3
BRDA:5,0,1,4
BRDA:19,1,0,3
BRDA:19,1,1,2
BRDA:25,2,0,3
BRDA:25,2,1,7
BRDA:31,3,0,9
BRDA:32,4,0,2
BRDA:32,4,1,8
BRDA:48,5,0,1
BRDA:48,5,1,7
BRF:11
BRH:11
end_of_record
TN:
SF:utils\scheduler.js
FN:10,register
FN:31,(anonymous_1)
FN:39,executeJob
FN:60,startJob
FN:69,(anonymous_4)
FN:76,getJob
FN:80,getAllJobs
FN:81,(anonymous_7)
FN:89,toggleJob
FN:107,triggerJob
FN:114,shutdown
FNF:11
FNH:9
FNDA:13,register
FNDA:0,(anonymous_1)
FNDA:2,executeJob
FNDA:8,startJob
FNDA:0,(anonymous_4)
FNDA:3,getJob
FNDA:2,getAllJobs
FNDA:17,(anonymous_7)
FNDA:3,toggleJob
FNDA:3,triggerJob
FNDA:13,shutdown
DA:4,1
DA:5,1
DA:7,1
DA:18,13
DA:20,13
DA:21,2
DA:24,11
DA:26,11
DA:27,7
DA:30,11
DA:31,0
DA:34,11
DA:35,11
DA:40,2
DA:41,2
DA:42,2
DA:44,2
DA:45,2
DA:46,1
DA:47,1
DA:48,1
DA:50,1
DA:51,1
DA:52,1
DA:53,0
DA:55,1
DA:61,8
DA:63,8
DA:64,8
DA:65,1
DA:66,1
DA:69,7
DA:77,3
DA:81,17
DA:90,3
DA:91,3
DA:93,2
DA:94,2
DA:96,2
DA:97,1
DA:98,1
DA:100,1
DA:101,1
DA:102,1
DA:104,2
DA:108,3
DA:109,3
DA:110,2
DA:115,13
DA:116,68
DA:117,6
DA:118,6
DA:121,13
DA:124,1
LF:54
LH:52
BRDA:15,0,0,10
BRDA:16,1,0,13
BRDA:17,2,0,13
BRDA:20,3,0,2
BRDA:20,3,1,11
BRDA:20,4,0,13
BRDA:20,4,1,12
BRDA:26,5,0,7
BRDA:26,5,1,4
BRDA:26,6,0,11
BRDA:26,6,1,9
BRDA:30,7,0,0
BRDA:30,7,1,11
BRDA:30,8,0,11
BRDA:30,8,1,0
BRDA:52,9,0,0
BRDA:52,9,1,1
BRDA:61,10,0,0
BRDA:61,10,1,8
BRDA:64,11,0,1
BRDA:64,11,1,7
BRDA:77,12,0,3
BRDA:77,12,1,0
BRDA:91,13,0,1
BRDA:91,13,1,2
BRDA:93,14,0,2
BRDA:93,14,1,0
BRDA:96,15,0,1
BRDA:96,15,1,1
BRDA:100,16,0,1
BRDA:100,16,1,0
BRDA:109,17,0,1
BRDA:109,17,1,2
BRDA:116,18,0,6
BRDA:116,18,1,62
BRF:35
BRH:28
end_of_record
